build/app/intermediates/manifest_merge_blame_file/release/manifest-merger-blame-release-report.txt
1<?xml version="1.0" encoding="utf-8"?>
2<manifest xmlns:android="http://schemas.android.com/apk/res/android"
3    package="com.education.english_madhyam"
4    android:versionCode="34"
5    android:versionName="1.29" >
6
7    <uses-sdk
8        android:minSdkVersion="21"
8-->src/main/AndroidManifest.xml
9        android:targetSdkVersion="34" />
9-->src/main/AndroidManifest.xml
10    <!-- <uses-permission android:name="android.permission.MANAGE_EXTERNAL_STORAGE" /> -->
11
12    <uses-permission android:name="android.permission.WRITE_EXTERNAL_STORAGE" />
12-->src/main/AndroidManifest.xml:7:5-80
12-->src/main/AndroidManifest.xml:7:22-78
13    <uses-permission
13-->src/main/AndroidManifest.xml:8:5-79
14        android:name="android.permission.READ_EXTERNAL_STORAGE"
14-->src/main/AndroidManifest.xml:8:22-77
15        android:maxSdkVersion="32" />
15-->[:file_picker] AndroidManifest.xml:11:9-35
16    <uses-permission android:name="android.permission.INTERNET" />
16-->src/main/AndroidManifest.xml:9:5-66
16-->src/main/AndroidManifest.xml:9:22-64
17    <uses-permission android:name="android.permission.VIBRATE" />
17-->src/main/AndroidManifest.xml:10:5-66
17-->src/main/AndroidManifest.xml:10:22-63
18    <uses-permission android:name="android.permission.RECEIVE_BOOT_COMPLETED" />
18-->src/main/AndroidManifest.xml:11:5-80
18-->src/main/AndroidManifest.xml:11:22-78
19    <uses-permission android:name="android.permission.POST_NOTIFICATIONS" />
19-->[:awesome_notifications] AndroidManifest.xml:9:5-77
19-->[:awesome_notifications] AndroidManifest.xml:9:22-74
20    <uses-permission android:name="android.permission.BROADCAST_CLOSE_SYSTEM_DIALOGS" />
20-->[:awesome_notifications] AndroidManifest.xml:10:5-89
20-->[:awesome_notifications] AndroidManifest.xml:10:22-86
21
22    <queries>
22-->[:file_picker] AndroidManifest.xml:13:5-19:15
23        <intent>
23-->[:file_picker] AndroidManifest.xml:14:9-18:18
24            <action android:name="android.intent.action.GET_CONTENT" />
24-->[:file_picker] AndroidManifest.xml:15:13-72
24-->[:file_picker] AndroidManifest.xml:15:21-69
25
26            <data android:mimeType="*/*" />
26-->[:file_picker] AndroidManifest.xml:17:13-44
26-->[:file_picker] AndroidManifest.xml:17:19-41
27        </intent>
28        <intent>
28-->[:flutter_downloader] AndroidManifest.xml:11:9-13:18
29            <action android:name="android.intent.action.VIEW" />
29-->[:flutter_downloader] AndroidManifest.xml:12:13-65
29-->[:flutter_downloader] AndroidManifest.xml:12:21-62
30        </intent>
31        <intent>
31-->[:flutter_inappwebview_android] AndroidManifest.xml:10:9-12:18
32            <action android:name="android.support.customtabs.action.CustomTabsService" />
32-->[:flutter_inappwebview_android] AndroidManifest.xml:11:13-90
32-->[:flutter_inappwebview_android] AndroidManifest.xml:11:21-87
33        </intent>
34        <intent>
34-->[com.android.billingclient:billing:6.1.0] AndroidManifest.xml:13:9-15:18
35            <action android:name="com.android.vending.billing.InAppBillingService.BIND" />
35-->[com.android.billingclient:billing:6.1.0] AndroidManifest.xml:14:13-91
35-->[com.android.billingclient:billing:6.1.0] AndroidManifest.xml:14:21-88
36        </intent>
37        <intent>
37-->[androidx.media2:media2-session:1.2.1] AndroidManifest.xml:25:9-27:18
38            <action android:name="android.media.browse.MediaBrowserService" />
38-->[androidx.media2:media2-session:1.2.1] AndroidManifest.xml:26:13-79
38-->[androidx.media2:media2-session:1.2.1] AndroidManifest.xml:26:21-76
39        </intent>
40        <intent>
40-->[androidx.media2:media2-session:1.2.1] AndroidManifest.xml:28:9-30:18
41            <action android:name="androidx.media2.session.MediaSessionService" />
41-->[androidx.media2:media2-session:1.2.1] AndroidManifest.xml:29:13-82
41-->[androidx.media2:media2-session:1.2.1] AndroidManifest.xml:29:21-79
42        </intent>
43        <intent>
43-->[androidx.media2:media2-session:1.2.1] AndroidManifest.xml:31:9-33:18
44            <action android:name="androidx.media2.session.MediaLibraryService" />
44-->[androidx.media2:media2-session:1.2.1] AndroidManifest.xml:32:13-82
44-->[androidx.media2:media2-session:1.2.1] AndroidManifest.xml:32:21-79
45        </intent>
46        <intent>
46-->[com.razorpay:checkout:1.6.39] AndroidManifest.xml:11:9-17:18
47            <action android:name="android.intent.action.VIEW" />
47-->[:flutter_downloader] AndroidManifest.xml:12:13-65
47-->[:flutter_downloader] AndroidManifest.xml:12:21-62
48
49            <data
49-->[:file_picker] AndroidManifest.xml:17:13-44
50                android:mimeType="*/*"
50-->[:file_picker] AndroidManifest.xml:17:19-41
51                android:scheme="*" />
52        </intent>
53        <intent>
53-->[com.razorpay:checkout:1.6.39] AndroidManifest.xml:18:9-27:18
54            <action android:name="android.intent.action.VIEW" />
54-->[:flutter_downloader] AndroidManifest.xml:12:13-65
54-->[:flutter_downloader] AndroidManifest.xml:12:21-62
55
56            <category android:name="android.intent.category.BROWSABLE" />
56-->[com.razorpay:checkout:1.6.39] AndroidManifest.xml:21:13-74
56-->[com.razorpay:checkout:1.6.39] AndroidManifest.xml:21:23-71
57
58            <data
58-->[:file_picker] AndroidManifest.xml:17:13-44
59                android:host="pay"
60                android:mimeType="*/*"
60-->[:file_picker] AndroidManifest.xml:17:19-41
61                android:scheme="upi" />
62        </intent>
63        <intent>
63-->[com.razorpay:checkout:1.6.39] AndroidManifest.xml:28:9-30:18
64            <action android:name="android.intent.action.MAIN" />
64-->src/main/AndroidManifest.xml:41:17-68
64-->src/main/AndroidManifest.xml:41:25-66
65        </intent>
66        <intent>
66-->[com.razorpay:checkout:1.6.39] AndroidManifest.xml:31:9-35:18
67            <action android:name="android.intent.action.SEND" />
67-->[com.razorpay:checkout:1.6.39] AndroidManifest.xml:32:13-65
67-->[com.razorpay:checkout:1.6.39] AndroidManifest.xml:32:21-62
68
69            <data android:mimeType="*/*" />
69-->[:file_picker] AndroidManifest.xml:17:13-44
69-->[:file_picker] AndroidManifest.xml:17:19-41
70        </intent>
71        <intent>
71-->[com.razorpay:checkout:1.6.39] AndroidManifest.xml:36:9-38:18
72            <action android:name="rzp.device_token.share" />
72-->[com.razorpay:checkout:1.6.39] AndroidManifest.xml:37:13-61
72-->[com.razorpay:checkout:1.6.39] AndroidManifest.xml:37:21-58
73        </intent>
74    </queries>
75
76    <uses-permission android:name="android.permission.WAKE_LOCK" />
76-->[:firebase_messaging] AndroidManifest.xml:10:5-68
76-->[:firebase_messaging] AndroidManifest.xml:10:22-65
77    <uses-permission android:name="android.permission.ACCESS_NETWORK_STATE" />
77-->[:firebase_messaging] AndroidManifest.xml:11:5-79
77-->[:firebase_messaging] AndroidManifest.xml:11:22-76
78    <uses-permission android:name="android.permission.USE_FULL_SCREEN_INTENT" />
78-->[:flutter_local_notifications] AndroidManifest.xml:11:5-81
78-->[:flutter_local_notifications] AndroidManifest.xml:11:22-78
79    <uses-permission android:name="android.permission.SCHEDULE_EXACT_ALARM" />
79-->[:flutter_local_notifications] AndroidManifest.xml:12:5-79
79-->[:flutter_local_notifications] AndroidManifest.xml:12:22-76
80    <uses-permission
80-->[me.carda:AndroidAwnCore:0.9.3] AndroidManifest.xml:10:5-12:38
81        android:name="android.permission.BIND_NOTIFICATION_LISTENER_SERVICE"
81-->[me.carda:AndroidAwnCore:0.9.3] AndroidManifest.xml:11:9-77
82        android:maxSdkVersion="22" />
82-->[me.carda:AndroidAwnCore:0.9.3] AndroidManifest.xml:12:9-35
83    <uses-permission android:name="com.android.vending.BILLING" /> <!-- Required by older versions of Google Play services to create IID tokens -->
83-->[com.android.billingclient:billing:6.1.0] AndroidManifest.xml:10:5-67
83-->[com.android.billingclient:billing:6.1.0] AndroidManifest.xml:10:22-64
84    <uses-permission android:name="com.google.android.c2dm.permission.RECEIVE" />
84-->[com.google.firebase:firebase-messaging:23.4.1] AndroidManifest.xml:26:5-82
84-->[com.google.firebase:firebase-messaging:23.4.1] AndroidManifest.xml:26:22-79
85    <uses-permission android:name="com.google.android.gms.permission.AD_ID" />
85-->[com.google.android.gms:play-services-measurement-api:21.6.1] AndroidManifest.xml:25:5-79
85-->[com.google.android.gms:play-services-measurement-api:21.6.1] AndroidManifest.xml:25:22-76
86    <uses-permission android:name="android.permission.ACCESS_ADSERVICES_ATTRIBUTION" />
86-->[com.google.android.gms:play-services-measurement-api:21.6.1] AndroidManifest.xml:26:5-88
86-->[com.google.android.gms:play-services-measurement-api:21.6.1] AndroidManifest.xml:26:22-85
87    <uses-permission android:name="android.permission.ACCESS_ADSERVICES_AD_ID" />
87-->[com.google.android.gms:play-services-measurement-api:21.6.1] AndroidManifest.xml:27:5-82
87-->[com.google.android.gms:play-services-measurement-api:21.6.1] AndroidManifest.xml:27:22-79
88    <uses-permission android:name="android.permission.FOREGROUND_SERVICE" />
88-->[androidx.work:work-runtime:2.7.1] AndroidManifest.xml:28:5-77
88-->[androidx.work:work-runtime:2.7.1] AndroidManifest.xml:28:22-74
89    <uses-permission android:name="com.google.android.finsky.permission.BIND_GET_INSTALL_REFERRER_SERVICE" />
89-->[com.google.android.gms:play-services-measurement:21.6.1] AndroidManifest.xml:26:5-110
89-->[com.google.android.gms:play-services-measurement:21.6.1] AndroidManifest.xml:26:22-107
90
91    <uses-feature
91-->[com.google.android.gms:play-services-maps:17.0.0] AndroidManifest.xml:26:5-28:35
92        android:glEsVersion="0x00020000"
92-->[com.google.android.gms:play-services-maps:17.0.0] AndroidManifest.xml:27:9-41
93        android:required="true" />
93-->[com.google.android.gms:play-services-maps:17.0.0] AndroidManifest.xml:28:9-32
94
95    <permission
95-->[androidx.core:core:1.13.1] AndroidManifest.xml:22:5-24:47
96        android:name="com.education.english_madhyam.DYNAMIC_RECEIVER_NOT_EXPORTED_PERMISSION"
96-->[androidx.core:core:1.13.1] AndroidManifest.xml:23:9-81
97        android:protectionLevel="signature" />
97-->[androidx.core:core:1.13.1] AndroidManifest.xml:24:9-44
98
99    <uses-permission android:name="com.education.english_madhyam.DYNAMIC_RECEIVER_NOT_EXPORTED_PERMISSION" /> <!-- for android -->
99-->[androidx.core:core:1.13.1] AndroidManifest.xml:26:5-97
99-->[androidx.core:core:1.13.1] AndroidManifest.xml:26:22-94
100    <!-- <uses-permission android:name="com.android.launcher.permission.READ_SETTINGS"/> -->
101    <!-- <uses-permission android:name="com.android.launcher.permission.WRITE_SETTINGS"/> -->
102    <!-- <uses-permission android:name="com.android.launcher.permission.INSTALL_SHORTCUT" /> -->
103    <!-- <uses-permission android:name="com.android.launcher.permission.UNINSTALL_SHORTCUT" /> -->
104    <!-- for Samsung -->
105    <uses-permission android:name="com.sec.android.provider.badge.permission.READ" />
105-->[me.leolin:ShortcutBadger:1.1.22] AndroidManifest.xml:19:5-86
105-->[me.leolin:ShortcutBadger:1.1.22] AndroidManifest.xml:19:22-83
106    <uses-permission android:name="com.sec.android.provider.badge.permission.WRITE" /> <!-- for htc -->
106-->[me.leolin:ShortcutBadger:1.1.22] AndroidManifest.xml:20:5-87
106-->[me.leolin:ShortcutBadger:1.1.22] AndroidManifest.xml:20:22-84
107    <uses-permission android:name="com.htc.launcher.permission.READ_SETTINGS" />
107-->[me.leolin:ShortcutBadger:1.1.22] AndroidManifest.xml:23:5-81
107-->[me.leolin:ShortcutBadger:1.1.22] AndroidManifest.xml:23:22-78
108    <uses-permission android:name="com.htc.launcher.permission.UPDATE_SHORTCUT" /> <!-- for sony -->
108-->[me.leolin:ShortcutBadger:1.1.22] AndroidManifest.xml:24:5-83
108-->[me.leolin:ShortcutBadger:1.1.22] AndroidManifest.xml:24:22-80
109    <uses-permission android:name="com.sonyericsson.home.permission.BROADCAST_BADGE" />
109-->[me.leolin:ShortcutBadger:1.1.22] AndroidManifest.xml:27:5-88
109-->[me.leolin:ShortcutBadger:1.1.22] AndroidManifest.xml:27:22-85
110    <uses-permission android:name="com.sonymobile.home.permission.PROVIDER_INSERT_BADGE" /> <!-- for apex -->
110-->[me.leolin:ShortcutBadger:1.1.22] AndroidManifest.xml:28:5-92
110-->[me.leolin:ShortcutBadger:1.1.22] AndroidManifest.xml:28:22-89
111    <uses-permission android:name="com.anddoes.launcher.permission.UPDATE_COUNT" /> <!-- for solid -->
111-->[me.leolin:ShortcutBadger:1.1.22] AndroidManifest.xml:31:5-84
111-->[me.leolin:ShortcutBadger:1.1.22] AndroidManifest.xml:31:22-81
112    <uses-permission android:name="com.majeur.launcher.permission.UPDATE_BADGE" /> <!-- for huawei -->
112-->[me.leolin:ShortcutBadger:1.1.22] AndroidManifest.xml:34:5-83
112-->[me.leolin:ShortcutBadger:1.1.22] AndroidManifest.xml:34:22-80
113    <uses-permission android:name="com.huawei.android.launcher.permission.CHANGE_BADGE" />
113-->[me.leolin:ShortcutBadger:1.1.22] AndroidManifest.xml:37:5-91
113-->[me.leolin:ShortcutBadger:1.1.22] AndroidManifest.xml:37:22-88
114    <uses-permission android:name="com.huawei.android.launcher.permission.READ_SETTINGS" />
114-->[me.leolin:ShortcutBadger:1.1.22] AndroidManifest.xml:38:5-92
114-->[me.leolin:ShortcutBadger:1.1.22] AndroidManifest.xml:38:22-89
115    <uses-permission android:name="com.huawei.android.launcher.permission.WRITE_SETTINGS" /> <!-- for ZUK -->
115-->[me.leolin:ShortcutBadger:1.1.22] AndroidManifest.xml:39:5-93
115-->[me.leolin:ShortcutBadger:1.1.22] AndroidManifest.xml:39:22-90
116    <uses-permission android:name="android.permission.READ_APP_BADGE" /> <!-- for OPPO -->
116-->[me.leolin:ShortcutBadger:1.1.22] AndroidManifest.xml:42:5-73
116-->[me.leolin:ShortcutBadger:1.1.22] AndroidManifest.xml:42:22-70
117    <uses-permission android:name="com.oppo.launcher.permission.READ_SETTINGS" />
117-->[me.leolin:ShortcutBadger:1.1.22] AndroidManifest.xml:45:5-82
117-->[me.leolin:ShortcutBadger:1.1.22] AndroidManifest.xml:45:22-79
118    <uses-permission android:name="com.oppo.launcher.permission.WRITE_SETTINGS" /> <!-- for EvMe -->
118-->[me.leolin:ShortcutBadger:1.1.22] AndroidManifest.xml:46:5-83
118-->[me.leolin:ShortcutBadger:1.1.22] AndroidManifest.xml:46:22-80
119    <uses-permission android:name="me.everything.badger.permission.BADGE_COUNT_READ" />
119-->[me.leolin:ShortcutBadger:1.1.22] AndroidManifest.xml:49:5-88
119-->[me.leolin:ShortcutBadger:1.1.22] AndroidManifest.xml:49:22-85
120    <uses-permission android:name="me.everything.badger.permission.BADGE_COUNT_WRITE" /> <!-- <uses-permission android:name="android.permission.REQUEST_INSTALL_PACKAGES" /> -->
120-->[me.leolin:ShortcutBadger:1.1.22] AndroidManifest.xml:50:5-89
120-->[me.leolin:ShortcutBadger:1.1.22] AndroidManifest.xml:50:22-86
121    <application
122        android:name="android.app.Application"
122-->src/main/AndroidManifest.xml:17:9-42
123        android:appComponentFactory="androidx.core.app.CoreComponentFactory"
123-->[androidx.core:core:1.13.1] AndroidManifest.xml:28:18-86
124        android:icon="@mipmap/logo_round"
124-->src/main/AndroidManifest.xml:18:9-42
125        android:label="English Madhyam"
125-->src/main/AndroidManifest.xml:16:9-40
126        android:usesCleartextTraffic="true" >
126-->src/main/AndroidManifest.xml:19:9-44
127        <activity
127-->src/main/AndroidManifest.xml:21:9-44:20
128            android:name="com.englishmadhyam.MainActivity"
128-->src/main/AndroidManifest.xml:22:13-41
129            android:configChanges="orientation|keyboardHidden|keyboard|screenSize|smallestScreenSize|locale|layoutDirection|fontScale|screenLayout|density|uiMode"
129-->src/main/AndroidManifest.xml:29:13-163
130            android:exported="true"
130-->src/main/AndroidManifest.xml:23:13-36
131            android:hardwareAccelerated="true"
131-->src/main/AndroidManifest.xml:30:13-47
132            android:launchMode="singleTop"
132-->src/main/AndroidManifest.xml:26:13-43
133            android:requestLegacyExternalStorage="true"
133-->src/main/AndroidManifest.xml:27:13-56
134            android:showWhenLocked="true"
134-->src/main/AndroidManifest.xml:24:13-42
135            android:theme="@style/LaunchTheme"
135-->src/main/AndroidManifest.xml:28:13-47
136            android:turnScreenOn="true"
136-->src/main/AndroidManifest.xml:25:13-40
137            android:windowSoftInputMode="adjustResize" >
137-->src/main/AndroidManifest.xml:31:13-55
138
139            <!--
140                 Specifies an Android theme to apply to this Activity as soon as
141                 the Android process has started. This theme is visible to the user
142                 while the Flutter UI initializes. After that, this theme continues
143                 to determine the Window background behind the Flutter UI.
144            -->
145            <meta-data
145-->src/main/AndroidManifest.xml:36:13-39:17
146                android:name="io.flutter.embedding.android.NormalTheme"
146-->src/main/AndroidManifest.xml:37:15-70
147                android:resource="@style/NormalTheme" />
147-->src/main/AndroidManifest.xml:38:15-52
148
149            <intent-filter>
149-->src/main/AndroidManifest.xml:40:13-43:29
150                <action android:name="android.intent.action.MAIN" />
150-->src/main/AndroidManifest.xml:41:17-68
150-->src/main/AndroidManifest.xml:41:25-66
151
152                <category android:name="android.intent.category.LAUNCHER" />
152-->src/main/AndroidManifest.xml:42:17-76
152-->src/main/AndroidManifest.xml:42:27-74
153            </intent-filter>
154        </activity>
155
156        <!--
157             Don't delete the meta-data below.
158             This is used by the Flutter tool to generate GeneratedPluginRegistrant.java
159        -->
160        <meta-data
160-->src/main/AndroidManifest.xml:48:9-50:33
161            android:name="flutterEmbedding"
161-->src/main/AndroidManifest.xml:49:13-44
162            android:value="2" />
162-->src/main/AndroidManifest.xml:50:13-30
163        <!-- Begin FlutterDownloader customization -->
164        <!-- disable default Initializer -->
165        <provider
166            android:name="androidx.startup.InitializationProvider"
166-->src/main/AndroidManifest.xml:54:12-66
167            android:authorities="com.education.english_madhyam.androidx-startup"
167-->src/main/AndroidManifest.xml:55:12-67
168            android:exported="false" >
168-->src/main/AndroidManifest.xml:56:12-36
169            <meta-data
169-->[androidx.emoji2:emoji2:1.2.0] AndroidManifest.xml:29:13-31:52
170                android:name="androidx.emoji2.text.EmojiCompatInitializer"
170-->[androidx.emoji2:emoji2:1.2.0] AndroidManifest.xml:30:17-75
171                android:value="androidx.startup" />
171-->[androidx.emoji2:emoji2:1.2.0] AndroidManifest.xml:31:17-49
172            <meta-data
172-->[androidx.lifecycle:lifecycle-process:2.6.2] AndroidManifest.xml:29:13-31:52
173                android:name="androidx.lifecycle.ProcessLifecycleInitializer"
173-->[androidx.lifecycle:lifecycle-process:2.6.2] AndroidManifest.xml:30:17-78
174                android:value="androidx.startup" />
174-->[androidx.lifecycle:lifecycle-process:2.6.2] AndroidManifest.xml:31:17-49
175            <meta-data
175-->[androidx.profileinstaller:profileinstaller:1.3.0] AndroidManifest.xml:29:13-31:52
176                android:name="androidx.profileinstaller.ProfileInstallerInitializer"
176-->[androidx.profileinstaller:profileinstaller:1.3.0] AndroidManifest.xml:30:17-85
177                android:value="androidx.startup" />
177-->[androidx.profileinstaller:profileinstaller:1.3.0] AndroidManifest.xml:31:17-49
178        </provider>
179        <provider
180            android:name="vn.hunghd.flutterdownloader.DownloadedFileProvider"
180-->src/main/AndroidManifest.xml:66:12-77
181            android:authorities="com.education.english_madhyam.flutter_downloader.provider"
181-->src/main/AndroidManifest.xml:67:12-78
182            android:exported="false"
182-->src/main/AndroidManifest.xml:68:12-36
183            android:grantUriPermissions="true"
183-->src/main/AndroidManifest.xml:69:12-46
184            android:requestLegacyExternalStorage="true" >
184-->src/main/AndroidManifest.xml:70:12-55
185            <meta-data
185-->src/main/AndroidManifest.xml:71:12-73:56
186                android:name="android.support.FILE_PROVIDER_PATHS"
186-->src/main/AndroidManifest.xml:72:16-66
187                android:resource="@xml/provider_paths" />
187-->src/main/AndroidManifest.xml:73:16-54
188        </provider>
189        <!-- &lt;!&ndash; declare customized Initializer &ndash;&gt; -->
190        <provider
191            android:name="vn.hunghd.flutterdownloader.FlutterDownloaderInitializer"
191-->src/main/AndroidManifest.xml:77:12-83
192            android:authorities="com.education.english_madhyam.flutter-downloader-init"
192-->src/main/AndroidManifest.xml:78:12-74
193            android:exported="true" >
193-->src/main/AndroidManifest.xml:79:12-35
194
195            <!-- changes this number to configure the maximum number of concurrent tasks -->
196            <meta-data
196-->src/main/AndroidManifest.xml:81:12-83:36
197                android:name="vn.hunghd.flutterdownloader.MAX_CONCURRENT_TASKS"
197-->src/main/AndroidManifest.xml:82:16-79
198                android:value="5" />
198-->src/main/AndroidManifest.xml:83:16-33
199        </provider>
200
201        <!-- Begin FlutterDownloader customization -->
202        <!-- disable default Initializer -->
203
204        <receiver
204-->[:awesome_notifications] AndroidManifest.xml:15:9-17:39
205            android:name="me.carda.awesome_notifications.DartNotificationActionReceiver"
205-->[:awesome_notifications] AndroidManifest.xml:16:13-89
206            android:exported="true" />
206-->[:awesome_notifications] AndroidManifest.xml:17:13-36
207        <receiver
207-->[:awesome_notifications] AndroidManifest.xml:18:9-20:39
208            android:name="me.carda.awesome_notifications.DartDismissedNotificationReceiver"
208-->[:awesome_notifications] AndroidManifest.xml:19:13-92
209            android:exported="true" />
209-->[:awesome_notifications] AndroidManifest.xml:20:13-36
210        <receiver
210-->[:awesome_notifications] AndroidManifest.xml:21:9-23:39
211            android:name="me.carda.awesome_notifications.DartScheduledNotificationReceiver"
211-->[:awesome_notifications] AndroidManifest.xml:22:13-92
212            android:exported="true" />
212-->[:awesome_notifications] AndroidManifest.xml:23:13-36
213        <receiver
213-->[:awesome_notifications] AndroidManifest.xml:24:9-38:20
214            android:name="me.carda.awesome_notifications.DartRefreshSchedulesReceiver"
214-->[:awesome_notifications] AndroidManifest.xml:25:13-87
215            android:enabled="true"
215-->[:awesome_notifications] AndroidManifest.xml:26:13-35
216            android:exported="true" >
216-->[:awesome_notifications] AndroidManifest.xml:27:13-36
217            <intent-filter>
217-->[:awesome_notifications] AndroidManifest.xml:28:13-37:29
218                <category android:name="android.intent.category.DEFAULT" />
218-->[:awesome_notifications] AndroidManifest.xml:29:17-76
218-->[:awesome_notifications] AndroidManifest.xml:29:27-73
219
220                <action android:name="android.intent.action.BOOT_COMPLETED" />
220-->[:awesome_notifications] AndroidManifest.xml:31:17-79
220-->[:awesome_notifications] AndroidManifest.xml:31:25-76
221                <action android:name="android.intent.action.LOCKED_BOOT_COMPLETED" />
221-->[:awesome_notifications] AndroidManifest.xml:32:17-86
221-->[:awesome_notifications] AndroidManifest.xml:32:25-83
222                <action android:name="android.intent.action.MY_PACKAGE_REPLACED" />
222-->[:awesome_notifications] AndroidManifest.xml:33:17-84
222-->[:awesome_notifications] AndroidManifest.xml:33:25-81
223                <action android:name="android.intent.action.QUICKBOOT_POWERON" />
223-->[:awesome_notifications] AndroidManifest.xml:34:17-82
223-->[:awesome_notifications] AndroidManifest.xml:34:25-79
224                <action android:name="com.htc.intent.action.QUICKBOOT_POWERON" />
224-->[:awesome_notifications] AndroidManifest.xml:35:17-82
224-->[:awesome_notifications] AndroidManifest.xml:35:25-79
225                <action android:name="android.app.action.SCHEDULE_EXACT_ALARM_PERMISSION_STATE_CHANGED" />
225-->[:awesome_notifications] AndroidManifest.xml:36:17-107
225-->[:awesome_notifications] AndroidManifest.xml:36:25-104
226            </intent-filter>
227        </receiver>
228
229        <service
229-->[:awesome_notifications] AndroidManifest.xml:40:9-43:72
230            android:name="me.carda.awesome_notifications.DartBackgroundService"
230-->[:awesome_notifications] AndroidManifest.xml:41:13-80
231            android:exported="false"
231-->[:awesome_notifications] AndroidManifest.xml:42:13-37
232            android:permission="android.permission.BIND_JOB_SERVICE" />
232-->[:awesome_notifications] AndroidManifest.xml:43:13-69
233        <service
233-->[:awesome_notifications] AndroidManifest.xml:44:9-49:43
234            android:name="me.carda.awesome_notifications.core.services.ForegroundService"
234-->[:awesome_notifications] AndroidManifest.xml:45:13-90
235            android:enabled="true"
235-->[:awesome_notifications] AndroidManifest.xml:46:13-35
236            android:exported="false"
236-->[:awesome_notifications] AndroidManifest.xml:47:13-37
237            android:foregroundServiceType="phoneCall"
237-->[:awesome_notifications] AndroidManifest.xml:48:13-54
238            android:stopWithTask="true" />
238-->[:awesome_notifications] AndroidManifest.xml:49:13-40
239        <service
239-->[:firebase_messaging] AndroidManifest.xml:16:9-19:72
240            android:name="io.flutter.plugins.firebase.messaging.FlutterFirebaseMessagingBackgroundService"
240-->[:firebase_messaging] AndroidManifest.xml:17:13-107
241            android:exported="false"
241-->[:firebase_messaging] AndroidManifest.xml:18:13-37
242            android:permission="android.permission.BIND_JOB_SERVICE" />
242-->[:firebase_messaging] AndroidManifest.xml:19:13-69
243        <service
243-->[:firebase_messaging] AndroidManifest.xml:20:9-26:19
244            android:name="io.flutter.plugins.firebase.messaging.FlutterFirebaseMessagingService"
244-->[:firebase_messaging] AndroidManifest.xml:21:13-97
245            android:exported="false" >
245-->[:firebase_messaging] AndroidManifest.xml:22:13-37
246            <intent-filter>
246-->[:firebase_messaging] AndroidManifest.xml:23:13-25:29
247                <action android:name="com.google.firebase.MESSAGING_EVENT" />
247-->[:firebase_messaging] AndroidManifest.xml:24:17-78
247-->[:firebase_messaging] AndroidManifest.xml:24:25-75
248            </intent-filter>
249        </service>
250
251        <receiver
251-->[:firebase_messaging] AndroidManifest.xml:28:9-35:20
252            android:name="io.flutter.plugins.firebase.messaging.FlutterFirebaseMessagingReceiver"
252-->[:firebase_messaging] AndroidManifest.xml:29:13-98
253            android:exported="true"
253-->[:firebase_messaging] AndroidManifest.xml:30:13-36
254            android:permission="com.google.android.c2dm.permission.SEND" >
254-->[:firebase_messaging] AndroidManifest.xml:31:13-73
255            <intent-filter>
255-->[:firebase_messaging] AndroidManifest.xml:32:13-34:29
256                <action android:name="com.google.android.c2dm.intent.RECEIVE" />
256-->[:firebase_messaging] AndroidManifest.xml:33:17-81
256-->[:firebase_messaging] AndroidManifest.xml:33:25-78
257            </intent-filter>
258        </receiver>
259
260        <service
260-->[:firebase_messaging] AndroidManifest.xml:37:9-41:19
261            android:name="com.google.firebase.components.ComponentDiscoveryService"
261-->[:firebase_messaging] AndroidManifest.xml:37:18-89
262            android:directBootAware="true"
262-->[com.google.firebase:firebase-common:20.4.3] AndroidManifest.xml:32:13-43
263            android:exported="false" >
263-->[com.google.firebase:firebase-messaging:23.4.1] AndroidManifest.xml:56:13-37
264            <meta-data
264-->[:firebase_messaging] AndroidManifest.xml:38:13-40:85
265                android:name="com.google.firebase.components:io.flutter.plugins.firebase.messaging.FlutterFirebaseAppRegistrar"
265-->[:firebase_messaging] AndroidManifest.xml:39:17-128
266                android:value="com.google.firebase.components.ComponentRegistrar" />
266-->[:firebase_messaging] AndroidManifest.xml:40:17-82
267            <meta-data
267-->[:firebase_core] AndroidManifest.xml:11:13-13:85
268                android:name="com.google.firebase.components:io.flutter.plugins.firebase.core.FlutterFirebaseCoreRegistrar"
268-->[:firebase_core] AndroidManifest.xml:12:17-124
269                android:value="com.google.firebase.components.ComponentRegistrar" />
269-->[:firebase_core] AndroidManifest.xml:13:17-82
270            <meta-data
270-->[com.google.firebase:firebase-messaging:23.4.1] AndroidManifest.xml:57:13-59:85
271                android:name="com.google.firebase.components:com.google.firebase.messaging.FirebaseMessagingKtxRegistrar"
271-->[com.google.firebase:firebase-messaging:23.4.1] AndroidManifest.xml:58:17-122
272                android:value="com.google.firebase.components.ComponentRegistrar" />
272-->[com.google.firebase:firebase-messaging:23.4.1] AndroidManifest.xml:59:17-82
273            <meta-data
273-->[com.google.firebase:firebase-messaging:23.4.1] AndroidManifest.xml:60:13-62:85
274                android:name="com.google.firebase.components:com.google.firebase.messaging.FirebaseMessagingRegistrar"
274-->[com.google.firebase:firebase-messaging:23.4.1] AndroidManifest.xml:61:17-119
275                android:value="com.google.firebase.components.ComponentRegistrar" />
275-->[com.google.firebase:firebase-messaging:23.4.1] AndroidManifest.xml:62:17-82
276            <meta-data